<?xml version="1.0" encoding="utf-8"?><testsuites><testsuite name="pytest" errors="0" failures="0" skipped="0" tests="4" time="16.924" timestamp="2024-08-24T11:28:07.450104+02:00" hostname="ViniNB"><testcase classname="test_e2e.TestOne" name="test_e2e" time="10.350" /><testcase classname="test_homepage.TestHomePage" name="test_form_submission[get_data0]" time="4.583" /><testcase classname="test_homepage.TestHomePage" name="test_form_submission[get_data1]" time="1.053" /><testcase classname="test_homepage.TestHomePage" name="test_form_submission[get_data2]" time="0.880" /></testsuite></testsuites>